1693496410659	geckodriver	INFO	Listening on 127.0.0.1:50335
1693496411222	mozrunner::runner	INFO	Running command: MOZ_CRASHREPORTER="1" MOZ_CRASHREPORTER_NO_REPORT="1" MOZ_CRASHREPORTER_SHUTDOWN="1" MOZ_NO_REMOTE="1" "/usr ... te" "--remote-debugging-port" "41577" "--remote-allow-hosts" "localhost" "-no-remote" "-profile" "/tmp/rust_mozprofileCsug30"
console.warn: services.settings: Ignoring preference override of remote settings server
console.warn: services.settings: Allow by setting MOZ_REMOTE_SETTINGS_DEVTOOLS=1 in the environment
ATTENTION: default value of option mesa_glthread overridden by environment.
1693496417581	Marionette	INFO	Marionette enabled
ATTENTION: default value of option mesa_glthread overridden by environment.
1693496419644	Marionette	INFO	Listening on port 39853
Read port: 39853
WebDriver BiDi listening on ws://127.0.0.1:41577
1693496420628	RemoteAgent	WARN	TLS certificate errors will be ignored for this session
console.error: ({})
DevTools listening on ws://127.0.0.1:41577/devtools/browser/be29ea50-ace5-4e42-ba5a-9aa69528c427
JavaScript error: https://penline.ru/wa-content/js/jquery/jquery-1.11.1.min.js, line 2: TypeError: a is undefined
JavaScript error: https://penline.ru/wa-data/public/shop/themes/profitbuy202/jquery.elevateZoom-3.0.8.min.js, line 47: TypeError: c.zoomWindow is undefined
1693496648186	geckodriver	INFO	Listening on 127.0.0.1:35983
1693496648751	mozrunner::runner	INFO	Running command: MOZ_CRASHREPORTER="1" MOZ_CRASHREPORTER_NO_REPORT="1" MOZ_CRASHREPORTER_SHUTDOWN="1" MOZ_NO_REMOTE="1" "/usr ... te" "--remote-debugging-port" "51461" "--remote-allow-hosts" "localhost" "-no-remote" "-profile" "/tmp/rust_mozprofileMydwUV"
console.warn: services.settings: Ignoring preference override of remote settings server
console.warn: services.settings: Allow by setting MOZ_REMOTE_SETTINGS_DEVTOOLS=1 in the environment
ATTENTION: default value of option mesa_glthread overridden by environment.
1693496649752	Marionette	INFO	Marionette enabled
ATTENTION: default value of option mesa_glthread overridden by environment.
1693496649897	Marionette	INFO	Listening on port 42267
WebDriver BiDi listening on ws://127.0.0.1:51461
Read port: 42267
1693496650576	RemoteAgent	WARN	TLS certificate errors will be ignored for this session
console.error: ({})
DevTools listening on ws://127.0.0.1:51461/devtools/browser/1b25a40c-8a72-4107-9e67-ef8099d49e31
console.error: (new TypeError("this._searchProviderInfo is null", "resource:///modules/SearchSERPTelemetry.sys.mjs", 638))
JavaScript error: https://penline.ru/wa-content/js/jquery/jquery-1.11.1.min.js, line 2: TypeError: a is undefined
JavaScript error: https://penline.ru/wa-data/public/shop/themes/profitbuy202/jquery.elevateZoom-3.0.8.min.js, line 47: TypeError: c.zoomWindow is undefined
console.warn: LoginRecipes: "Falling back to a synchronous message for: https://penline.ru."
JavaScript error: https://penline.ru/wa-data/public/shop/themes/profitbuy202/jquery.elevateZoom-3.0.8.min.js, line 47: TypeError: c.zoomWindow is undefined
1693496840988	Marionette	INFO	Stopped listening on port 42267
1693496846087	Marionette	INFO	Stopped listening on port 39853
console.error: (new Error("Data is not ready.", "resource://gre/modules/JSONFile.sys.mjs", 178))
1693496859161	geckodriver	INFO	Listening on 127.0.0.1:48971
1693496859712	mozrunner::runner	INFO	Running command: MOZ_CRASHREPORTER="1" MOZ_CRASHREPORTER_NO_REPORT="1" MOZ_CRASHREPORTER_SHUTDOWN="1" MOZ_NO_REMOTE="1" "/usr ... te" "--remote-debugging-port" "37877" "--remote-allow-hosts" "localhost" "-no-remote" "-profile" "/tmp/rust_mozprofileB0n9Xo"
console.warn: services.settings: Ignoring preference override of remote settings server
console.warn: services.settings: Allow by setting MOZ_REMOTE_SETTINGS_DEVTOOLS=1 in the environment
ATTENTION: default value of option mesa_glthread overridden by environment.
1693496860770	Marionette	INFO	Marionette enabled
ATTENTION: default value of option mesa_glthread overridden by environment.
1693496860888	Marionette	INFO	Listening on port 38661
WebDriver BiDi listening on ws://127.0.0.1:37877
Read port: 38661
1693496862462	RemoteAgent	WARN	TLS certificate errors will be ignored for this session
console.error: ({})
DevTools listening on ws://127.0.0.1:37877/devtools/browser/977126c8-3fd1-439d-b16f-1ed63fc233bf
console.error: (new TypeError("this._searchProviderInfo is null", "resource:///modules/SearchSERPTelemetry.sys.mjs", 638))
JavaScript error: https://penline.ru/wa-content/js/jquery/jquery-1.11.1.min.js, line 2: TypeError: a is undefined
JavaScript error: https://penline.ru/wa-data/public/shop/themes/profitbuy202/jquery.elevateZoom-3.0.8.min.js, line 47: TypeError: c.zoomWindow is undefined
console.warn: LoginRecipes: "Falling back to a synchronous message for: https://penline.ru."
NetworkHelper.parseSecurityInfo threw an exception: Security state 0 has no known STATE_IS_* flags.
console.error: "Security state 0 has no known STATE_IS_* flags."
JavaScript error: resource://gre/modules/AsyncShutdown.sys.mjs, line 573: NotFoundError: No such JSWindowActor 'DevToolsFrame'
1693500591333	Marionette	INFO	Stopped listening on port 38661
1693567821705	geckodriver	INFO	Listening on 127.0.0.1:35179
1693567822269	mozrunner::runner	INFO	Running command: MOZ_CRASHREPORTER="1" MOZ_CRASHREPORTER_NO_REPORT="1" MOZ_CRASHREPORTER_SHUTDOWN="1" MOZ_NO_REMOTE="1" "/usr ... te" "--remote-debugging-port" "55823" "--remote-allow-hosts" "localhost" "-no-remote" "-profile" "/tmp/rust_mozprofilelIuBbK"
console.warn: services.settings: Ignoring preference override of remote settings server
console.warn: services.settings: Allow by setting MOZ_REMOTE_SETTINGS_DEVTOOLS=1 in the environment
ATTENTION: default value of option mesa_glthread overridden by environment.
1693567829578	Marionette	INFO	Marionette enabled
ATTENTION: default value of option mesa_glthread overridden by environment.
1693567830936	Marionette	INFO	Listening on port 43913
Read port: 43913
WebDriver BiDi listening on ws://127.0.0.1:55823
1693567831920	RemoteAgent	WARN	TLS certificate errors will be ignored for this session
console.error: ({})
DevTools listening on ws://127.0.0.1:55823/devtools/browser/22261f4c-22d4-4937-9cb1-4c38ddbeceb6
JavaScript error: https://penline.ru/wa-data/public/shop/themes/profitbuy202/jquery.elevateZoom-3.0.8.min.js, line 47: TypeError: c.zoomWindow is undefined
console.warn: LoginRecipes: "Falling back to a synchronous message for: https://penline.ru."
console.warn: LoginRecipes: "Falling back to a synchronous message for: https://penline.ru."
console.warn: LoginRecipes: "Falling back to a synchronous message for: https://penline.ru."
console.warn: LoginRecipes: "Falling back to a synchronous message for: https://penline.ru."
console.warn: LoginRecipes: "Falling back to a synchronous message for: https://penline.ru."
1693568001241	geckodriver	INFO	Listening on 127.0.0.1:48555
1693568001807	mozrunner::runner	INFO	Running command: MOZ_CRASHREPORTER="1" MOZ_CRASHREPORTER_NO_REPORT="1" MOZ_CRASHREPORTER_SHUTDOWN="1" MOZ_NO_REMOTE="1" "/usr ... te" "--remote-debugging-port" "58167" "--remote-allow-hosts" "localhost" "-no-remote" "-profile" "/tmp/rust_mozprofilehOhjfE"
console.warn: services.settings: Ignoring preference override of remote settings server
console.warn: services.settings: Allow by setting MOZ_REMOTE_SETTINGS_DEVTOOLS=1 in the environment
ATTENTION: default value of option mesa_glthread overridden by environment.
1693568002723	Marionette	INFO	Marionette enabled
ATTENTION: default value of option mesa_glthread overridden by environment.
1693568002841	Marionette	INFO	Listening on port 46073
WebDriver BiDi listening on ws://127.0.0.1:58167
Read port: 46073
1693568004528	RemoteAgent	WARN	TLS certificate errors will be ignored for this session
console.error: ({})
DevTools listening on ws://127.0.0.1:58167/devtools/browser/850c37b7-802c-4b34-842a-0f3020b4b405
console.error: (new TypeError("this._searchProviderInfo is null", "resource:///modules/SearchSERPTelemetry.sys.mjs", 638))
JavaScript error: https://penline.ru/wa-content/js/jquery/jquery-1.11.1.min.js, line 2: TypeError: a is undefined
JavaScript error: https://penline.ru/wa-data/public/shop/themes/profitbuy202/jquery.elevateZoom-3.0.8.min.js, line 47: TypeError: c.zoomWindow is undefined
console.warn: LoginRecipes: "Falling back to a synchronous message for: https://penline.ru."
console.warn: LoginRecipes: "Falling back to a synchronous message for: https://penline.ru."
console.warn: LoginRecipes: "Falling back to a synchronous message for: https://penline.ru."
console.warn: LoginRecipes: "Falling back to a synchronous message for: https://penline.ru."
console.warn: LoginRecipes: "Falling back to a synchronous message for: https://penline.ru."
1693568278920	geckodriver	INFO	Listening on 127.0.0.1:52267
1693568279484	mozrunner::runner	INFO	Running command: MOZ_CRASHREPORTER="1" MOZ_CRASHREPORTER_NO_REPORT="1" MOZ_CRASHREPORTER_SHUTDOWN="1" MOZ_NO_REMOTE="1" "/usr ... te" "--remote-debugging-port" "57771" "--remote-allow-hosts" "localhost" "-no-remote" "-profile" "/tmp/rust_mozprofilehP9blA"
console.warn: services.settings: Ignoring preference override of remote settings server
console.warn: services.settings: Allow by setting MOZ_REMOTE_SETTINGS_DEVTOOLS=1 in the environment
ATTENTION: default value of option mesa_glthread overridden by environment.
1693568281319	Marionette	INFO	Marionette enabled
ATTENTION: default value of option mesa_glthread overridden by environment.
1693568281470	Marionette	INFO	Listening on port 33191
Read port: 33191
WebDriver BiDi listening on ws://127.0.0.1:57771
1693568282098	RemoteAgent	WARN	TLS certificate errors will be ignored for this session
console.error: ({})
DevTools listening on ws://127.0.0.1:57771/devtools/browser/81328676-2d41-42c2-b404-1de25de3bcf0
console.error: (new TypeError("this._searchProviderInfo is null", "resource:///modules/SearchSERPTelemetry.sys.mjs", 638))
JavaScript error: https://penline.ru/wa-content/js/jquery/jquery-1.11.1.min.js, line 2: TypeError: a is undefined
JavaScript error: https://penline.ru/wa-data/public/shop/themes/profitbuy202/jquery.elevateZoom-3.0.8.min.js, line 47: TypeError: c.zoomWindow is undefined
console.warn: LoginRecipes: "Falling back to a synchronous message for: https://penline.ru."
console.warn: LoginRecipes: "Falling back to a synchronous message for: https://penline.ru."
console.warn: LoginRecipes: "Falling back to a synchronous message for: https://penline.ru."
console.warn: LoginRecipes: "Falling back to a synchronous message for: https://penline.ru."
console.warn: LoginRecipes: "Falling back to a synchronous message for: https://penline.ru."
1693568531364	geckodriver	INFO	Listening on 127.0.0.1:53203
1693568532033	mozrunner::runner	INFO	Running command: MOZ_CRASHREPORTER="1" MOZ_CRASHREPORTER_NO_REPORT="1" MOZ_CRASHREPORTER_SHUTDOWN="1" MOZ_NO_REMOTE="1" "/usr ... te" "--remote-debugging-port" "53561" "--remote-allow-hosts" "localhost" "-no-remote" "-profile" "/tmp/rust_mozprofileZ4QFQ8"
console.warn: services.settings: Ignoring preference override of remote settings server
console.warn: services.settings: Allow by setting MOZ_REMOTE_SETTINGS_DEVTOOLS=1 in the environment
ATTENTION: default value of option mesa_glthread overridden by environment.
1693568534663	Marionette	INFO	Marionette enabled
ATTENTION: default value of option mesa_glthread overridden by environment.
1693568535100	Marionette	INFO	Listening on port 38963
WebDriver BiDi listening on ws://127.0.0.1:53561
Read port: 38963
1693568535842	RemoteAgent	WARN	TLS certificate errors will be ignored for this session
console.error: ({})
console.error: Region.sys.mjs: "Error fetching region" (new Error("TIMEOUT", "resource://gre/modules/Region.sys.mjs", 759))
console.error: Region.sys.mjs: "Failed to fetch region" (new Error("TIMEOUT", "resource://gre/modules/Region.sys.mjs", 411))
1693568546365	Marionette	INFO	Stopped listening on port 43913
console.error: (new Error("Data is not ready.", "resource://gre/modules/JSONFile.sys.mjs", 178))
DevTools listening on ws://127.0.0.1:53561/devtools/browser/0289623d-7354-4c5d-9291-b71d9c2c6aae
1693568549638	Marionette	INFO	Stopped listening on port 46073
!!! error running onStopped callback: TypeError: callback is not a function
console.error: (new Error("Data is not ready.", "resource://gre/modules/JSONFile.sys.mjs", 178))
1693568551611	Marionette	INFO	Stopped listening on port 33191
!!! error running onStopped callback: TypeError: callback is not a function
console.error: (new TypeError("this._searchProviderInfo is null", "resource:///modules/SearchSERPTelemetry.sys.mjs", 638))
console.error: (new Error("Data is not ready.", "resource://gre/modules/JSONFile.sys.mjs", 178))
JavaScript error: https://penline.ru/wa-content/js/jquery/jquery-1.11.1.min.js, line 2: TypeError: a is undefined
JavaScript error: https://penline.ru/wa-data/public/shop/themes/profitbuy202/jquery.elevateZoom-3.0.8.min.js, line 47: TypeError: c.zoomWindow is undefined
console.warn: LoginRecipes: "Falling back to a synchronous message for: https://penline.ru."
console.warn: LoginRecipes: "Falling back to a synchronous message for: https://penline.ru."
console.warn: LoginRecipes: "Falling back to a synchronous message for: https://penline.ru."
console.warn: LoginRecipes: "Falling back to a synchronous message for: https://penline.ru."
console.warn: LoginRecipes: "Falling back to a synchronous message for: https://penline.ru."
1693571882170	geckodriver	INFO	Listening on 127.0.0.1:59603
1693571882728	mozrunner::runner	INFO	Running command: MOZ_CRASHREPORTER="1" MOZ_CRASHREPORTER_NO_REPORT="1" MOZ_CRASHREPORTER_SHUTDOWN="1" MOZ_NO_REMOTE="1" "/usr ... te" "--remote-debugging-port" "51505" "--remote-allow-hosts" "localhost" "-no-remote" "-profile" "/tmp/rust_mozprofileG2YWTY"
console.warn: services.settings: Ignoring preference override of remote settings server
console.warn: services.settings: Allow by setting MOZ_REMOTE_SETTINGS_DEVTOOLS=1 in the environment
ATTENTION: default value of option mesa_glthread overridden by environment.
1693571884047	Marionette	INFO	Marionette enabled
ATTENTION: default value of option mesa_glthread overridden by environment.
1693571884333	Marionette	INFO	Listening on port 42517
WebDriver BiDi listening on ws://127.0.0.1:51505
Read port: 42517
1693571885133	RemoteAgent	WARN	TLS certificate errors will be ignored for this session
console.error: ({})
DevTools listening on ws://127.0.0.1:51505/devtools/browser/8b669851-5c1d-4288-95f1-16f2acef6c8d
console.error: (new TypeError("this._searchProviderInfo is null", "resource:///modules/SearchSERPTelemetry.sys.mjs", 638))
JavaScript error: https://penline.ru/wa-data/public/shop/themes/profitbuy202/jquery.elevateZoom-3.0.8.min.js, line 47: TypeError: c.zoomWindow is undefined
console.warn: LoginRecipes: "Falling back to a synchronous message for: https://penline.ru."
console.warn: LoginRecipes: "Falling back to a synchronous message for: https://penline.ru."
console.warn: LoginRecipes: "Falling back to a synchronous message for: https://penline.ru."
console.warn: LoginRecipes: "Falling back to a synchronous message for: https://penline.ru."
console.warn: LoginRecipes: "Falling back to a synchronous message for: https://penline.ru."
console.warn: LoginRecipes: "Falling back to a synchronous message for: https://penline.ru."
1693572555488	geckodriver	INFO	Listening on 127.0.0.1:45519
1693572556071	mozrunner::runner	INFO	Running command: MOZ_CRASHREPORTER="1" MOZ_CRASHREPORTER_NO_REPORT="1" MOZ_CRASHREPORTER_SHUTDOWN="1" MOZ_NO_REMOTE="1" "/usr ... te" "--remote-debugging-port" "53033" "--remote-allow-hosts" "localhost" "-no-remote" "-profile" "/tmp/rust_mozprofile3APhOC"
console.warn: services.settings: Ignoring preference override of remote settings server
console.warn: services.settings: Allow by setting MOZ_REMOTE_SETTINGS_DEVTOOLS=1 in the environment
ATTENTION: default value of option mesa_glthread overridden by environment.
1693572561537	Marionette	INFO	Marionette enabled
ATTENTION: default value of option mesa_glthread overridden by environment.
1693572562424	Marionette	INFO	Listening on port 37109
Read port: 37109
WebDriver BiDi listening on ws://127.0.0.1:53033
1693572563342	RemoteAgent	WARN	TLS certificate errors will be ignored for this session
console.error: ({})
console.error: Region.sys.mjs: "Error fetching region" (new AbortError("The operation was aborted. ", (void 0), 757))
console.error: Region.sys.mjs: "Failed to fetch region" (new Error("NO_RESULT", "resource://gre/modules/Region.sys.mjs", 411))
DevTools listening on ws://127.0.0.1:53033/devtools/browser/3855e6fa-9e40-4bc8-a3e9-f252942c573d
console.error: (new TypeError("this._searchProviderInfo is null", "resource:///modules/SearchSERPTelemetry.sys.mjs", 638))
JavaScript error: https://penline.ru/wa-content/js/jquery/jquery-1.11.1.min.js, line 2: TypeError: a is undefined
JavaScript error: https://penline.ru/wa-data/public/shop/themes/profitbuy202/jquery.elevateZoom-3.0.8.min.js, line 47: TypeError: c.zoomWindow is undefined
console.warn: LoginRecipes: "Falling back to a synchronous message for: https://penline.ru."
console.warn: LoginRecipes: "Falling back to a synchronous message for: https://penline.ru."
console.warn: LoginRecipes: "Falling back to a synchronous message for: https://penline.ru."
console.warn: LoginRecipes: "Falling back to a synchronous message for: https://penline.ru."
console.warn: LoginRecipes: "Falling back to a synchronous message for: https://penline.ru."
console.warn: LoginRecipes: "Falling back to a synchronous message for: https://penline.ru."
1693572879102	geckodriver	INFO	Listening on 127.0.0.1:41065
1693572879638	mozrunner::runner	INFO	Running command: MOZ_CRASHREPORTER="1" MOZ_CRASHREPORTER_NO_REPORT="1" MOZ_CRASHREPORTER_SHUTDOWN="1" MOZ_NO_REMOTE="1" "/usr ... te" "--remote-debugging-port" "36519" "--remote-allow-hosts" "localhost" "-no-remote" "-profile" "/tmp/rust_mozprofileizZyQ4"
console.warn: services.settings: Ignoring preference override of remote settings server
console.warn: services.settings: Allow by setting MOZ_REMOTE_SETTINGS_DEVTOOLS=1 in the environment
ATTENTION: default value of option mesa_glthread overridden by environment.
1693572885180	Marionette	INFO	Marionette enabled
ATTENTION: default value of option mesa_glthread overridden by environment.
1693572885792	Marionette	INFO	Listening on port 39691
Read port: 39691
WebDriver BiDi listening on ws://127.0.0.1:36519
1693572886898	RemoteAgent	WARN	TLS certificate errors will be ignored for this session
console.error: ({})
console.error: Region.sys.mjs: "Error fetching region" (new AbortError("The operation was aborted. ", (void 0), 757))
console.error: Region.sys.mjs: "Failed to fetch region" (new Error("NO_RESULT", "resource://gre/modules/Region.sys.mjs", 411))
DevTools listening on ws://127.0.0.1:36519/devtools/browser/b7b13ff8-da09-40a5-ad16-6c3707dd4e2c
console.error: (new TypeError("this._searchProviderInfo is null", "resource:///modules/SearchSERPTelemetry.sys.mjs", 638))
JavaScript error: https://penline.ru/wa-content/js/jquery/jquery-1.11.1.min.js, line 2: TypeError: a is undefined
JavaScript error: https://penline.ru/wa-data/public/shop/themes/profitbuy202/jquery.elevateZoom-3.0.8.min.js, line 47: TypeError: c.zoomWindow is undefined
console.warn: LoginRecipes: "Falling back to a synchronous message for: https://penline.ru."
console.warn: LoginRecipes: "Falling back to a synchronous message for: https://penline.ru."
console.warn: LoginRecipes: "Falling back to a synchronous message for: https://penline.ru."
console.warn: LoginRecipes: "Falling back to a synchronous message for: https://penline.ru."
console.warn: LoginRecipes: "Falling back to a synchronous message for: https://penline.ru."
1693574678074	geckodriver	INFO	Listening on 127.0.0.1:52603
1693574678635	mozrunner::runner	INFO	Running command: MOZ_CRASHREPORTER="1" MOZ_CRASHREPORTER_NO_REPORT="1" MOZ_CRASHREPORTER_SHUTDOWN="1" MOZ_NO_REMOTE="1" "/usr ... te" "--remote-debugging-port" "56591" "--remote-allow-hosts" "localhost" "-no-remote" "-profile" "/tmp/rust_mozprofile4O8ki6"
console.warn: services.settings: Ignoring preference override of remote settings server
console.warn: services.settings: Allow by setting MOZ_REMOTE_SETTINGS_DEVTOOLS=1 in the environment
ATTENTION: default value of option mesa_glthread overridden by environment.
1693574692350	Marionette	INFO	Marionette enabled
ATTENTION: default value of option mesa_glthread overridden by environment.
1693574695322	Marionette	INFO	Listening on port 46465
Read port: 46465
WebDriver BiDi listening on ws://127.0.0.1:56591
1693574696226	RemoteAgent	WARN	TLS certificate errors will be ignored for this session
console.error: ({})
console.error: Region.sys.mjs: "Error fetching region" (new AbortError("The operation was aborted. ", (void 0), 757))
console.error: Region.sys.mjs: "Failed to fetch region" (new Error("NO_RESULT", "resource://gre/modules/Region.sys.mjs", 411))
DevTools listening on ws://127.0.0.1:56591/devtools/browser/0ae66707-3361-44a5-b7db-b6e303c60a6f
console.error: (new TypeError("this._searchProviderInfo is null", "resource:///modules/SearchSERPTelemetry.sys.mjs", 638))
JavaScript error: https://penline.ru/wa-content/js/jquery/jquery-1.11.1.min.js, line 2: TypeError: a is undefined
JavaScript error: https://penline.ru/wa-data/public/shop/themes/profitbuy202/jquery.elevateZoom-3.0.8.min.js, line 47: TypeError: c.zoomWindow is undefined
console.warn: LoginRecipes: "Falling back to a synchronous message for: https://penline.ru."
console.warn: LoginRecipes: "Falling back to a synchronous message for: https://penline.ru."
console.warn: LoginRecipes: "Falling back to a synchronous message for: https://penline.ru."
console.warn: LoginRecipes: "Falling back to a synchronous message for: https://penline.ru."
console.warn: LoginRecipes: "Falling back to a synchronous message for: https://penline.ru."
console.warn: LoginRecipes: "Falling back to a synchronous message for: https://penline.ru."
console.warn: LoginRecipes: "Falling back to a synchronous message for: https://penline.ru."
1693576453960	Marionette	INFO	Stopped listening on port 46465
1693576456810	Marionette	INFO	Stopped listening on port 42517
!!! error running onStopped callback: TypeError: callback is not a function
console.error: (new Error("Data is not ready.", "resource://gre/modules/JSONFile.sys.mjs", 178))
1693576458257	Marionette	INFO	Stopped listening on port 37109
console.error: (new Error("Data is not ready.", "resource://gre/modules/JSONFile.sys.mjs", 178))
1693576459445	Marionette	INFO	Stopped listening on port 38963
!!! error running onStopped callback: TypeError: callback is not a function
console.error: (new Error("Data is not ready.", "resource://gre/modules/JSONFile.sys.mjs", 178))
1693576462140	Marionette	INFO	Stopped listening on port 39691
console.error: (new Error("Data is not ready.", "resource://gre/modules/JSONFile.sys.mjs", 178))
1693576479743	geckodriver	INFO	Listening on 127.0.0.1:45123
1693576480318	mozrunner::runner	INFO	Running command: MOZ_CRASHREPORTER="1" MOZ_CRASHREPORTER_NO_REPORT="1" MOZ_CRASHREPORTER_SHUTDOWN="1" MOZ_NO_REMOTE="1" "/usr ... te" "--remote-debugging-port" "35093" "--remote-allow-hosts" "localhost" "-no-remote" "-profile" "/tmp/rust_mozprofileToHd2c"
console.warn: services.settings: Ignoring preference override of remote settings server
console.warn: services.settings: Allow by setting MOZ_REMOTE_SETTINGS_DEVTOOLS=1 in the environment
ATTENTION: default value of option mesa_glthread overridden by environment.
1693576486073	Marionette	INFO	Marionette enabled
ATTENTION: default value of option mesa_glthread overridden by environment.
1693576487315	Marionette	INFO	Listening on port 37187
Read port: 37187
WebDriver BiDi listening on ws://127.0.0.1:35093
1693576488105	RemoteAgent	WARN	TLS certificate errors will be ignored for this session
console.error: ({})
console.error: Region.sys.mjs: "Error fetching region" (new AbortError("The operation was aborted. ", (void 0), 757))
console.error: Region.sys.mjs: "Failed to fetch region" (new Error("NO_RESULT", "resource://gre/modules/Region.sys.mjs", 411))
DevTools listening on ws://127.0.0.1:35093/devtools/browser/c4a98e80-d868-49b2-8ecc-703ba20b8ade
console.error: (new TypeError("this._searchProviderInfo is null", "resource:///modules/SearchSERPTelemetry.sys.mjs", 638))
JavaScript error: https://penline.ru/wa-content/js/jquery/jquery-1.11.1.min.js, line 2: TypeError: a is undefined
JavaScript error: https://penline.ru/wa-data/public/shop/themes/profitbuy202/jquery.elevateZoom-3.0.8.min.js, line 47: TypeError: c.zoomWindow is undefined
console.warn: LoginRecipes: "Falling back to a synchronous message for: https://penline.ru."
console.warn: LoginRecipes: "Falling back to a synchronous message for: https://penline.ru."
console.warn: LoginRecipes: "Falling back to a synchronous message for: https://penline.ru."
console.warn: LoginRecipes: "Falling back to a synchronous message for: https://penline.ru."
console.warn: LoginRecipes: "Falling back to a synchronous message for: https://penline.ru."
1693576761672	geckodriver	INFO	Listening on 127.0.0.1:48223
1693576762224	mozrunner::runner	INFO	Running command: MOZ_CRASHREPORTER="1" MOZ_CRASHREPORTER_NO_REPORT="1" MOZ_CRASHREPORTER_SHUTDOWN="1" MOZ_NO_REMOTE="1" "/usr ... te" "--remote-debugging-port" "52207" "--remote-allow-hosts" "localhost" "-no-remote" "-profile" "/tmp/rust_mozprofileFU4rH6"
console.warn: services.settings: Ignoring preference override of remote settings server
console.warn: services.settings: Allow by setting MOZ_REMOTE_SETTINGS_DEVTOOLS=1 in the environment
ATTENTION: default value of option mesa_glthread overridden by environment.
1693576763029	Marionette	INFO	Marionette enabled
ATTENTION: default value of option mesa_glthread overridden by environment.
1693576763166	Marionette	INFO	Listening on port 36093
WebDriver BiDi listening on ws://127.0.0.1:52207
Read port: 36093
1693576764104	RemoteAgent	WARN	TLS certificate errors will be ignored for this session
console.error: ({})
DevTools listening on ws://127.0.0.1:52207/devtools/browser/0af926ff-c6d4-42ee-b798-0dc478181087
console.error: (new TypeError("this._searchProviderInfo is null", "resource:///modules/SearchSERPTelemetry.sys.mjs", 638))
JavaScript error: https://penline.ru/wa-content/js/jquery/jquery-1.11.1.min.js, line 2: TypeError: a is undefined
JavaScript error: https://penline.ru/wa-data/public/shop/themes/profitbuy202/jquery.elevateZoom-3.0.8.min.js, line 47: TypeError: c.zoomWindow is undefined
console.warn: LoginRecipes: "Falling back to a synchronous message for: https://penline.ru."
console.warn: LoginRecipes: "Falling back to a synchronous message for: https://penline.ru."
console.warn: LoginRecipes: "Falling back to a synchronous message for: https://penline.ru."
console.warn: LoginRecipes: "Falling back to a synchronous message for: https://penline.ru."
console.warn: LoginRecipes: "Falling back to a synchronous message for: https://penline.ru."
1693576989875	geckodriver	INFO	Listening on 127.0.0.1:60417
1693576990508	mozrunner::runner	INFO	Running command: MOZ_CRASHREPORTER="1" MOZ_CRASHREPORTER_NO_REPORT="1" MOZ_CRASHREPORTER_SHUTDOWN="1" MOZ_NO_REMOTE="1" "/usr ... te" "--remote-debugging-port" "52743" "--remote-allow-hosts" "localhost" "-no-remote" "-profile" "/tmp/rust_mozprofilerWqI7l"
console.warn: services.settings: Ignoring preference override of remote settings server
console.warn: services.settings: Allow by setting MOZ_REMOTE_SETTINGS_DEVTOOLS=1 in the environment
ATTENTION: default value of option mesa_glthread overridden by environment.
1693576999787	Marionette	INFO	Marionette enabled
ATTENTION: default value of option mesa_glthread overridden by environment.
1693577000569	Marionette	INFO	Listening on port 34589
Read port: 34589
WebDriver BiDi listening on ws://127.0.0.1:52743
1693577001516	RemoteAgent	WARN	TLS certificate errors will be ignored for this session
console.error: ({})
DevTools listening on ws://127.0.0.1:52743/devtools/browser/a8bfceab-e8f7-4475-85af-e52b74e9ecbe
console.error: (new TypeError("this._searchProviderInfo is null", "resource:///modules/SearchSERPTelemetry.sys.mjs", 638))
console.warn: LoginRecipes: "Falling back to a synchronous message for: https://penline.ru."
1693577030720	Marionette	INFO	Stopped listening on port 36093
console.error: (new Error("Data is not ready.", "resource://gre/modules/JSONFile.sys.mjs", 178))
1693577034642	Marionette	INFO	Stopped listening on port 37187
!!! error running onStopped callback: TypeError: callback is not a function
console.error: (new Error("Data is not ready.", "resource://gre/modules/JSONFile.sys.mjs", 178))
JavaScript error: https://penline.ru/wa-content/js/jquery/jquery-1.11.1.min.js, line 2: TypeError: a is undefined
JavaScript error: https://penline.ru/wa-data/public/shop/themes/profitbuy202/jquery.elevateZoom-3.0.8.min.js, line 47: TypeError: c.zoomWindow is undefined
console.warn: LoginRecipes: "Falling back to a synchronous message for: https://penline.ru."
console.warn: LoginRecipes: "Falling back to a synchronous message for: https://penline.ru."
console.warn: LoginRecipes: "Falling back to a synchronous message for: https://penline.ru."
console.warn: LoginRecipes: "Falling back to a synchronous message for: https://penline.ru."
console.warn: LoginRecipes: "Falling back to a synchronous message for: https://penline.ru."
console.warn: LoginRecipes: "Falling back to a synchronous message for: https://penline.ru."
1693579374595	geckodriver	INFO	Listening on 127.0.0.1:52211
1693579375192	mozrunner::runner	INFO	Running command: MOZ_CRASHREPORTER="1" MOZ_CRASHREPORTER_NO_REPORT="1" MOZ_CRASHREPORTER_SHUTDOWN="1" MOZ_NO_REMOTE="1" "/usr ... te" "--remote-debugging-port" "60267" "--remote-allow-hosts" "localhost" "-no-remote" "-profile" "/tmp/rust_mozprofiley4D2jW"
console.warn: services.settings: Ignoring preference override of remote settings server
console.warn: services.settings: Allow by setting MOZ_REMOTE_SETTINGS_DEVTOOLS=1 in the environment
ATTENTION: default value of option mesa_glthread overridden by environment.
1693579376137	Marionette	INFO	Marionette enabled
ATTENTION: default value of option mesa_glthread overridden by environment.
1693579376348	Marionette	INFO	Listening on port 40491
WebDriver BiDi listening on ws://127.0.0.1:60267
Read port: 40491
1693579376992	RemoteAgent	WARN	TLS certificate errors will be ignored for this session
console.error: ({})
DevTools listening on ws://127.0.0.1:60267/devtools/browser/893b2c31-2e84-4ec9-adc3-ea225c336c3a
console.error: (new TypeError("this._searchProviderInfo is null", "resource:///modules/SearchSERPTelemetry.sys.mjs", 638))
JavaScript error: https://penline.ru/wa-content/js/jquery/jquery-1.11.1.min.js, line 2: TypeError: a is undefined
JavaScript error: https://penline.ru/wa-data/public/shop/themes/profitbuy202/jquery.elevateZoom-3.0.8.min.js, line 47: TypeError: c.zoomWindow is undefined
console.warn: LoginRecipes: "Falling back to a synchronous message for: https://penline.ru."
console.warn: LoginRecipes: "Falling back to a synchronous message for: https://penline.ru."
console.warn: LoginRecipes: "Falling back to a synchronous message for: https://penline.ru."
console.warn: LoginRecipes: "Falling back to a synchronous message for: https://penline.ru."
console.warn: LoginRecipes: "Falling back to a synchronous message for: https://penline.ru."
1693579533845	geckodriver	INFO	Listening on 127.0.0.1:36029
1693579534379	mozrunner::runner	INFO	Running command: MOZ_CRASHREPORTER="1" MOZ_CRASHREPORTER_NO_REPORT="1" MOZ_CRASHREPORTER_SHUTDOWN="1" MOZ_NO_REMOTE="1" "/usr ... te" "--remote-debugging-port" "58201" "--remote-allow-hosts" "localhost" "-no-remote" "-profile" "/tmp/rust_mozprofilekVGS0E"
console.warn: services.settings: Ignoring preference override of remote settings server
console.warn: services.settings: Allow by setting MOZ_REMOTE_SETTINGS_DEVTOOLS=1 in the environment
ATTENTION: default value of option mesa_glthread overridden by environment.
1693579542238	Marionette	INFO	Marionette enabled
ATTENTION: default value of option mesa_glthread overridden by environment.
1693579543265	Marionette	INFO	Listening on port 39907
Read port: 39907
WebDriver BiDi listening on ws://127.0.0.1:58201
1693579544491	RemoteAgent	WARN	TLS certificate errors will be ignored for this session
console.error: ({})
console.error: Region.sys.mjs: "Error fetching region" (new AbortError("The operation was aborted. ", (void 0), 757))
console.error: Region.sys.mjs: "Failed to fetch region" (new Error("NO_RESULT", "resource://gre/modules/Region.sys.mjs", 411))
DevTools listening on ws://127.0.0.1:58201/devtools/browser/47c8acb6-f08f-46c3-884e-804efc5a04d6
console.error: (new TypeError("this._searchProviderInfo is null", "resource:///modules/SearchSERPTelemetry.sys.mjs", 638))
JavaScript error: https://penline.ru/wa-content/js/jquery/jquery-1.11.1.min.js, line 2: TypeError: a is undefined
JavaScript error: https://penline.ru/wa-data/public/shop/themes/profitbuy202/jquery.elevateZoom-3.0.8.min.js, line 47: TypeError: c.zoomWindow is undefined
console.warn: LoginRecipes: "Falling back to a synchronous message for: https://penline.ru."
console.warn: LoginRecipes: "Falling back to a synchronous message for: https://penline.ru."
console.warn: LoginRecipes: "Falling back to a synchronous message for: https://penline.ru."
console.warn: LoginRecipes: "Falling back to a synchronous message for: https://penline.ru."
console.warn: LoginRecipes: "Falling back to a synchronous message for: https://penline.ru."
1693579906971	geckodriver	INFO	Listening on 127.0.0.1:56637
1693579907466	mozrunner::runner	INFO	Running command: MOZ_CRASHREPORTER="1" MOZ_CRASHREPORTER_NO_REPORT="1" MOZ_CRASHREPORTER_SHUTDOWN="1" MOZ_NO_REMOTE="1" "/usr ... te" "--remote-debugging-port" "53667" "--remote-allow-hosts" "localhost" "-no-remote" "-profile" "/tmp/rust_mozprofilegb4I1r"
console.warn: services.settings: Ignoring preference override of remote settings server
console.warn: services.settings: Allow by setting MOZ_REMOTE_SETTINGS_DEVTOOLS=1 in the environment
ATTENTION: default value of option mesa_glthread overridden by environment.
1693579917220	Marionette	INFO	Marionette enabled
ATTENTION: default value of option mesa_glthread overridden by environment.
1693579919398	Marionette	INFO	Listening on port 39321
Read port: 39321
WebDriver BiDi listening on ws://127.0.0.1:53667
1693579919953	RemoteAgent	WARN	TLS certificate errors will be ignored for this session
console.error: ({})
console.error: Region.sys.mjs: "Error fetching region" (new AbortError("The operation was aborted. ", (void 0), 757))
console.error: Region.sys.mjs: "Failed to fetch region" (new Error("NO_RESULT", "resource://gre/modules/Region.sys.mjs", 411))
DevTools listening on ws://127.0.0.1:53667/devtools/browser/eee8f3a5-dd8e-4128-8ccf-fc81bb85cc04
JavaScript error: https://penline.ru/wa-content/js/jquery/jquery-1.11.1.min.js, line 2: TypeError: a is undefined
JavaScript error: https://penline.ru/wa-data/public/shop/themes/profitbuy202/jquery.elevateZoom-3.0.8.min.js, line 47: TypeError: c.zoomWindow is undefined
console.warn: LoginRecipes: "Falling back to a synchronous message for: https://penline.ru."
console.warn: LoginRecipes: "Falling back to a synchronous message for: https://penline.ru."
console.warn: LoginRecipes: "Falling back to a synchronous message for: https://penline.ru."
console.warn: LoginRecipes: "Falling back to a synchronous message for: https://penline.ru."
console.warn: LoginRecipes: "Falling back to a synchronous message for: https://penline.ru."
1693580065213	Marionette	INFO	Stopped listening on port 40491
1693580068398	Marionette	INFO	Stopped listening on port 34589
!!! error running onStopped callback: TypeError: callback is not a function
console.error: (new Error("Data is not ready.", "resource://gre/modules/JSONFile.sys.mjs", 178))
1693580070299	Marionette	INFO	Stopped listening on port 39907
console.error: (new Error("Data is not ready.", "resource://gre/modules/JSONFile.sys.mjs", 178))
1693580151081	Marionette	INFO	Stopped listening on port 39321
console.error: (new Error("Data is not ready.", "resource://gre/modules/JSONFile.sys.mjs", 178))
1693580164115	geckodriver	INFO	Listening on 127.0.0.1:39733
1693580164650	mozrunner::runner	INFO	Running command: MOZ_CRASHREPORTER="1" MOZ_CRASHREPORTER_NO_REPORT="1" MOZ_CRASHREPORTER_SHUTDOWN="1" MOZ_NO_REMOTE="1" "/usr ... te" "--remote-debugging-port" "37209" "--remote-allow-hosts" "localhost" "-no-remote" "-profile" "/tmp/rust_mozprofilehoxLFU"
console.warn: services.settings: Ignoring preference override of remote settings server
console.warn: services.settings: Allow by setting MOZ_REMOTE_SETTINGS_DEVTOOLS=1 in the environment
ATTENTION: default value of option mesa_glthread overridden by environment.
1693580180880	Marionette	INFO	Marionette enabled
ATTENTION: default value of option mesa_glthread overridden by environment.
1693580182563	Marionette	INFO	Listening on port 37241
Read port: 37241
WebDriver BiDi listening on ws://127.0.0.1:37209
1693580184163	RemoteAgent	WARN	TLS certificate errors will be ignored for this session
console.error: ({})
console.error: Region.sys.mjs: "Error fetching region" (new AbortError("The operation was aborted. ", (void 0), 757))
console.error: Region.sys.mjs: "Failed to fetch region" (new Error("NO_RESULT", "resource://gre/modules/Region.sys.mjs", 411))
DevTools listening on ws://127.0.0.1:37209/devtools/browser/641c041c-25cb-44ff-a49c-04b206e4e2dd
console.error: (new TypeError("this._searchProviderInfo is null", "resource:///modules/SearchSERPTelemetry.sys.mjs", 638))
JavaScript error: https://penline.ru/wa-data/public/shop/themes/profitbuy202/jquery.elevateZoom-3.0.8.min.js, line 47: TypeError: c.zoomWindow is undefined
console.warn: LoginRecipes: "Falling back to a synchronous message for: https://penline.ru."
console.warn: LoginRecipes: "Falling back to a synchronous message for: https://penline.ru."
console.warn: LoginRecipes: "Falling back to a synchronous message for: https://penline.ru."
console.warn: LoginRecipes: "Falling back to a synchronous message for: https://penline.ru."
console.warn: LoginRecipes: "Falling back to a synchronous message for: https://penline.ru."
1693580594669	geckodriver	INFO	Listening on 127.0.0.1:33797
1693580595215	mozrunner::runner	INFO	Running command: MOZ_CRASHREPORTER="1" MOZ_CRASHREPORTER_NO_REPORT="1" MOZ_CRASHREPORTER_SHUTDOWN="1" MOZ_NO_REMOTE="1" "/usr ... te" "--remote-debugging-port" "51393" "--remote-allow-hosts" "localhost" "-no-remote" "-profile" "/tmp/rust_mozprofile2PTxyK"
console.warn: services.settings: Ignoring preference override of remote settings server
console.warn: services.settings: Allow by setting MOZ_REMOTE_SETTINGS_DEVTOOLS=1 in the environment
ATTENTION: default value of option mesa_glthread overridden by environment.
1693580595992	Marionette	INFO	Marionette enabled
ATTENTION: default value of option mesa_glthread overridden by environment.
1693580596176	Marionette	INFO	Listening on port 44293
WebDriver BiDi listening on ws://127.0.0.1:51393
Read port: 44293
1693580596765	RemoteAgent	WARN	TLS certificate errors will be ignored for this session
console.error: ({})
DevTools listening on ws://127.0.0.1:51393/devtools/browser/5c8d9b07-97b0-46c8-97aa-44efff59aabb
console.error: (new TypeError("this._searchProviderInfo is null", "resource:///modules/SearchSERPTelemetry.sys.mjs", 638))
JavaScript error: https://penline.ru/wa-content/js/jquery/jquery-1.11.1.min.js, line 2: TypeError: a is undefined
JavaScript error: https://penline.ru/wa-data/public/shop/themes/profitbuy202/jquery.elevateZoom-3.0.8.min.js, line 47: TypeError: c.zoomWindow is undefined
console.warn: LoginRecipes: "Falling back to a synchronous message for: https://penline.ru."
console.warn: LoginRecipes: "Falling back to a synchronous message for: https://penline.ru."
console.warn: LoginRecipes: "Falling back to a synchronous message for: https://penline.ru."
console.warn: LoginRecipes: "Falling back to a synchronous message for: https://penline.ru."
console.warn: LoginRecipes: "Falling back to a synchronous message for: https://penline.ru."
1693581238355	Marionette	INFO	Stopped listening on port 37241
JavaScript warning: https://penline.ru/wa-content/js/jquery/jquery-1.11.1.min.js, line 3: Script terminated by timeout at:
fix@https://penline.ru/wa-content/js/jquery/jquery-1.11.1.min.js:3:9057
c@https://penline.ru/wa-content/js/jquery/jquery-1.11.1.min.js:3:14193

1693581240131	Marionette	INFO	Stopped listening on port 44293
console.error: (new Error("Data is not ready.", "resource://gre/modules/JSONFile.sys.mjs", 178))
1693581319152	geckodriver	INFO	Listening on 127.0.0.1:51865
1693581319734	mozrunner::runner	INFO	Running command: MOZ_CRASHREPORTER="1" MOZ_CRASHREPORTER_NO_REPORT="1" MOZ_CRASHREPORTER_SHUTDOWN="1" MOZ_NO_REMOTE="1" "/usr ... te" "--remote-debugging-port" "54065" "--remote-allow-hosts" "localhost" "-no-remote" "-profile" "/tmp/rust_mozprofilegNDlFV"
console.warn: services.settings: Ignoring preference override of remote settings server
console.warn: services.settings: Allow by setting MOZ_REMOTE_SETTINGS_DEVTOOLS=1 in the environment
ATTENTION: default value of option mesa_glthread overridden by environment.
1693581333008	Marionette	INFO	Marionette enabled
ATTENTION: default value of option mesa_glthread overridden by environment.
1693581334022	Marionette	INFO	Listening on port 37909
Read port: 37909
WebDriver BiDi listening on ws://127.0.0.1:54065
1693581335032	RemoteAgent	WARN	TLS certificate errors will be ignored for this session
console.error: ({})
console.error: Region.sys.mjs: "Error fetching region" (new AbortError("The operation was aborted. ", (void 0), 757))
console.error: Region.sys.mjs: "Failed to fetch region" (new Error("NO_RESULT", "resource://gre/modules/Region.sys.mjs", 411))
DevTools listening on ws://127.0.0.1:54065/devtools/browser/7eb4069b-bd3c-4f9d-8173-05f16fb235ed
console.error: (new TypeError("this._searchProviderInfo is null", "resource:///modules/SearchSERPTelemetry.sys.mjs", 638))
JavaScript error: https://penline.ru/wa-content/js/jquery/jquery-1.11.1.min.js, line 2: TypeError: a is undefined
JavaScript error: https://penline.ru/wa-data/public/shop/themes/profitbuy202/jquery.elevateZoom-3.0.8.min.js, line 47: TypeError: c.zoomWindow is undefined
console.warn: LoginRecipes: "Falling back to a synchronous message for: https://penline.ru."
console.warn: LoginRecipes: "Falling back to a synchronous message for: https://penline.ru."
console.warn: LoginRecipes: "Falling back to a synchronous message for: https://penline.ru."
console.warn: LoginRecipes: "Falling back to a synchronous message for: https://penline.ru."
console.warn: LoginRecipes: "Falling back to a synchronous message for: https://penline.ru."
1693589667453	Marionette	INFO	Stopped listening on port 37909
!!! error running onStopped callback: TypeError: callback is not a function
1693607992694	geckodriver	INFO	Listening on 127.0.0.1:32981
1693607993238	mozrunner::runner	INFO	Running command: MOZ_CRASHREPORTER="1" MOZ_CRASHREPORTER_NO_REPORT="1" MOZ_CRASHREPORTER_SHUTDOWN="1" MOZ_NO_REMOTE="1" "/usr ... te" "--remote-debugging-port" "42729" "--remote-allow-hosts" "localhost" "-no-remote" "-profile" "/tmp/rust_mozprofileIkIcLK"
console.warn: services.settings: Ignoring preference override of remote settings server
console.warn: services.settings: Allow by setting MOZ_REMOTE_SETTINGS_DEVTOOLS=1 in the environment
ATTENTION: default value of option mesa_glthread overridden by environment.
1693608000572	Marionette	INFO	Marionette enabled
ATTENTION: default value of option mesa_glthread overridden by environment.
1693608001833	Marionette	INFO	Listening on port 36695
Read port: 36695
WebDriver BiDi listening on ws://127.0.0.1:42729
1693608002973	RemoteAgent	WARN	TLS certificate errors will be ignored for this session
console.error: ({})
DevTools listening on ws://127.0.0.1:42729/devtools/browser/4b7e84f6-eb82-4d1b-92c3-592b2cdbd126
console.error: (new TypeError("this._searchProviderInfo is null", "resource:///modules/SearchSERPTelemetry.sys.mjs", 638))
1693608311177	geckodriver	INFO	Listening on 127.0.0.1:41375
1693608311804	mozrunner::runner	INFO	Running command: MOZ_CRASHREPORTER="1" MOZ_CRASHREPORTER_NO_REPORT="1" MOZ_CRASHREPORTER_SHUTDOWN="1" MOZ_NO_REMOTE="1" "/usr ... te" "--remote-debugging-port" "49841" "--remote-allow-hosts" "localhost" "-no-remote" "-profile" "/tmp/rust_mozprofileabbsvJ"
console.warn: services.settings: Ignoring preference override of remote settings server
console.warn: services.settings: Allow by setting MOZ_REMOTE_SETTINGS_DEVTOOLS=1 in the environment
ATTENTION: default value of option mesa_glthread overridden by environment.
1693608316623	Marionette	INFO	Marionette enabled
ATTENTION: default value of option mesa_glthread overridden by environment.
1693608317325	Marionette	INFO	Listening on port 43553
Read port: 43553
WebDriver BiDi listening on ws://127.0.0.1:49841
1693608318110	RemoteAgent	WARN	TLS certificate errors will be ignored for this session
console.error: ({})
DevTools listening on ws://127.0.0.1:49841/devtools/browser/46e30a2e-85df-49c9-a2bc-82fcc844a46d
console.error: (new TypeError("this._searchProviderInfo is null", "resource:///modules/SearchSERPTelemetry.sys.mjs", 638))
JavaScript warning: https://mc.yandex.md/metrika/zzlc.html, line 3: Script terminated by timeout at:
@https://mc.yandex.md/metrika/zzlc.html:3:447
@https://mc.yandex.md/metrika/zzlc.html:3:464

JavaScript warning: https://www.googletagmanager.com/gtag/js?id=G-8F6J93BBYJ&cx=c&_slc=1, line 450: Script terminated by timeout at:
aa.lh@https://www.googletagmanager.com/gtag/js?id=G-8F6J93BBYJ&cx=c&_slc=1:450:89
get@https://www.googletagmanager.com/gtag/js?id=G-8F6J93BBYJ&cx=c&_slc=1:448:119
stop@https://www.googletagmanager.com/gtag/js?id=G-8F6J93BBYJ&cx=c&_slc=1:448:87
aa.vk/c/<@https://www.googletagmanager.com/gtag/js?id=G-8F6J93BBYJ&cx=c&_slc=1:448:412

1693608467236	Marionette	INFO	Stopped listening on port 36695
console.error: (new Error("Data is not ready.", "resource://gre/modules/JSONFile.sys.mjs", 178))
JavaScript warning: https://www.googletagmanager.com/gtag/js?id=G-8F6J93BBYJ&cx=c&_slc=1, line 450: Script terminated by timeout at:
aa.lh@https://www.googletagmanager.com/gtag/js?id=G-8F6J93BBYJ&cx=c&_slc=1:450:89
get@https://www.googletagmanager.com/gtag/js?id=G-8F6J93BBYJ&cx=c&_slc=1:448:119
stop@https://www.googletagmanager.com/gtag/js?id=G-8F6J93BBYJ&cx=c&_slc=1:448:87
aa.vk/c/<@https://www.googletagmanager.com/gtag/js?id=G-8F6J93BBYJ&cx=c&_slc=1:448:412

1693608468893	Marionette	INFO	Stopped listening on port 43553
1693608549870	geckodriver	INFO	Listening on 127.0.0.1:41865
1693608550427	mozrunner::runner	INFO	Running command: MOZ_CRASHREPORTER="1" MOZ_CRASHREPORTER_NO_REPORT="1" MOZ_CRASHREPORTER_SHUTDOWN="1" MOZ_NO_REMOTE="1" "/usr ... te" "--remote-debugging-port" "45935" "--remote-allow-hosts" "localhost" "-no-remote" "-profile" "/tmp/rust_mozprofile1bkj0a"
console.warn: services.settings: Ignoring preference override of remote settings server
console.warn: services.settings: Allow by setting MOZ_REMOTE_SETTINGS_DEVTOOLS=1 in the environment
ATTENTION: default value of option mesa_glthread overridden by environment.
1693608553310	Marionette	INFO	Marionette enabled
ATTENTION: default value of option mesa_glthread overridden by environment.
1693608553691	Marionette	INFO	Listening on port 46105
WebDriver BiDi listening on ws://127.0.0.1:45935
Read port: 46105
1693608554523	RemoteAgent	WARN	TLS certificate errors will be ignored for this session
console.error: ({})
DevTools listening on ws://127.0.0.1:45935/devtools/browser/6def0008-5f03-4ee3-aaed-e64ba525bd65
console.error: (new TypeError("this._searchProviderInfo is null", "resource:///modules/SearchSERPTelemetry.sys.mjs", 638))
console.warn: LoginRecipes: "Falling back to a synchronous message for: https://www.belprodykt.ru."
console.warn: LoginRecipes: "Falling back to a synchronous message for: https://www.belprodykt.ru."
1693608855595	geckodriver	INFO	Listening on 127.0.0.1:53861
1693608856138	mozrunner::runner	INFO	Running command: MOZ_CRASHREPORTER="1" MOZ_CRASHREPORTER_NO_REPORT="1" MOZ_CRASHREPORTER_SHUTDOWN="1" MOZ_NO_REMOTE="1" "/usr ... te" "--remote-debugging-port" "47713" "--remote-allow-hosts" "localhost" "-no-remote" "-profile" "/tmp/rust_mozprofileTzQUFT"
console.warn: services.settings: Ignoring preference override of remote settings server
console.warn: services.settings: Allow by setting MOZ_REMOTE_SETTINGS_DEVTOOLS=1 in the environment
ATTENTION: default value of option mesa_glthread overridden by environment.
1693608856965	Marionette	INFO	Marionette enabled
ATTENTION: default value of option mesa_glthread overridden by environment.
1693608857086	Marionette	INFO	Listening on port 41015
WebDriver BiDi listening on ws://127.0.0.1:47713
Read port: 41015
1693608857756	RemoteAgent	WARN	TLS certificate errors will be ignored for this session
console.error: ({})
DevTools listening on ws://127.0.0.1:47713/devtools/browser/e0a47840-75c7-46f9-95ba-9cf232944463
console.error: (new TypeError("this._searchProviderInfo is null", "resource:///modules/SearchSERPTelemetry.sys.mjs", 638))
1693609128178	geckodriver	INFO	Listening on 127.0.0.1:43383
1693609128701	mozrunner::runner	INFO	Running command: MOZ_CRASHREPORTER="1" MOZ_CRASHREPORTER_NO_REPORT="1" MOZ_CRASHREPORTER_SHUTDOWN="1" MOZ_NO_REMOTE="1" "/usr ... te" "--remote-debugging-port" "44391" "--remote-allow-hosts" "localhost" "-no-remote" "-profile" "/tmp/rust_mozprofileAzk3SZ"
JavaScript warning: https://www.googletagmanager.com/gtag/js?id=G-8F6J93BBYJ&cx=c&_slc=1, line 450: Script terminated by timeout at:
aa.lh@https://www.googletagmanager.com/gtag/js?id=G-8F6J93BBYJ&cx=c&_slc=1:450:89
get@https://www.googletagmanager.com/gtag/js?id=G-8F6J93BBYJ&cx=c&_slc=1:448:119
stop@https://www.googletagmanager.com/gtag/js?id=G-8F6J93BBYJ&cx=c&_slc=1:448:87
aa.vk/c/<@https://www.googletagmanager.com/gtag/js?id=G-8F6J93BBYJ&cx=c&_slc=1:448:412

JavaScript error: resource://gre/modules/AsyncShutdown.sys.mjs, line 573: NotFoundError: No such JSWindowActor 'DevToolsFrame'
console.warn: services.settings: Ignoring preference override of remote settings server
console.warn: services.settings: Allow by setting MOZ_REMOTE_SETTINGS_DEVTOOLS=1 in the environment
1693609136763	Marionette	INFO	Stopped listening on port 46105
!!! error running onStopped callback: TypeError: callback is not a function
JavaScript warning: https://www.googletagmanager.com/gtag/js?id=G-8F6J93BBYJ&cx=c&_slc=1, line 450: Script terminated by timeout at:
aa.lh@https://www.googletagmanager.com/gtag/js?id=G-8F6J93BBYJ&cx=c&_slc=1:450:89
get@https://www.googletagmanager.com/gtag/js?id=G-8F6J93BBYJ&cx=c&_slc=1:448:119
stop@https://www.googletagmanager.com/gtag/js?id=G-8F6J93BBYJ&cx=c&_slc=1:448:87
aa.vk/c/<@https://www.googletagmanager.com/gtag/js?id=G-8F6J93BBYJ&cx=c&_slc=1:448:412

1693609140138	Marionette	INFO	Stopped listening on port 41015
console.error: (new Error("Data is not ready.", "resource://gre/modules/JSONFile.sys.mjs", 178))
ATTENTION: default value of option mesa_glthread overridden by environment.
1693609151648	Marionette	INFO	Marionette enabled
ATTENTION: default value of option mesa_glthread overridden by environment.
1693609152685	Marionette	INFO	Listening on port 40263
Read port: 40263
WebDriver BiDi listening on ws://127.0.0.1:44391
1693609153595	RemoteAgent	WARN	TLS certificate errors will be ignored for this session
console.error: ({})
console.error: Region.sys.mjs: "Error fetching region" (new AbortError("The operation was aborted. ", (void 0), 757))
console.error: Region.sys.mjs: "Failed to fetch region" (new Error("NO_RESULT", "resource://gre/modules/Region.sys.mjs", 411))
DevTools listening on ws://127.0.0.1:44391/devtools/browser/484decf9-96c9-4295-b82f-859ad985545a
console.error: (new TypeError("this._searchProviderInfo is null", "resource:///modules/SearchSERPTelemetry.sys.mjs", 638))
JavaScript warning: https://www.googletagmanager.com/gtag/js?id=G-8F6J93BBYJ&cx=c&_slc=1, line 450: Script terminated by timeout at:
aa.lh@https://www.googletagmanager.com/gtag/js?id=G-8F6J93BBYJ&cx=c&_slc=1:450:89
get@https://www.googletagmanager.com/gtag/js?id=G-8F6J93BBYJ&cx=c&_slc=1:448:119
stop@https://www.googletagmanager.com/gtag/js?id=G-8F6J93BBYJ&cx=c&_slc=1:448:87
aa.vk/c/<@https://www.googletagmanager.com/gtag/js?id=G-8F6J93BBYJ&cx=c&_slc=1:448:412

1693609226172	Marionette	INFO	Stopped listening on port 40263
1693609238460	geckodriver	INFO	Listening on 127.0.0.1:39859
1693609239036	mozrunner::runner	INFO	Running command: MOZ_CRASHREPORTER="1" MOZ_CRASHREPORTER_NO_REPORT="1" MOZ_CRASHREPORTER_SHUTDOWN="1" MOZ_NO_REMOTE="1" "/usr ... te" "--remote-debugging-port" "54861" "--remote-allow-hosts" "localhost" "-no-remote" "-profile" "/tmp/rust_mozprofilewQDmuW"
console.warn: services.settings: Ignoring preference override of remote settings server
console.warn: services.settings: Allow by setting MOZ_REMOTE_SETTINGS_DEVTOOLS=1 in the environment
ATTENTION: default value of option mesa_glthread overridden by environment.
1693609239817	Marionette	INFO	Marionette enabled
ATTENTION: default value of option mesa_glthread overridden by environment.
1693609239933	Marionette	INFO	Listening on port 37455
Read port: 37455
WebDriver BiDi listening on ws://127.0.0.1:54861
1693609240444	RemoteAgent	WARN	TLS certificate errors will be ignored for this session
console.error: ({})
DevTools listening on ws://127.0.0.1:54861/devtools/browser/8d0c21b2-b357-4142-a8b1-92ba61ac7dcb
console.error: (new TypeError("this._searchProviderInfo is null", "resource:///modules/SearchSERPTelemetry.sys.mjs", 638))
1693609409915	geckodriver	INFO	Listening on 127.0.0.1:37091
1693609410469	mozrunner::runner	INFO	Running command: MOZ_CRASHREPORTER="1" MOZ_CRASHREPORTER_NO_REPORT="1" MOZ_CRASHREPORTER_SHUTDOWN="1" MOZ_NO_REMOTE="1" "/usr ... te" "--remote-debugging-port" "56663" "--remote-allow-hosts" "localhost" "-no-remote" "-profile" "/tmp/rust_mozprofileQo4avz"
console.warn: services.settings: Ignoring preference override of remote settings server
console.warn: services.settings: Allow by setting MOZ_REMOTE_SETTINGS_DEVTOOLS=1 in the environment
ATTENTION: default value of option mesa_glthread overridden by environment.
1693609411194	Marionette	INFO	Marionette enabled
ATTENTION: default value of option mesa_glthread overridden by environment.
1693609411306	Marionette	INFO	Listening on port 38743
WebDriver BiDi listening on ws://127.0.0.1:56663
Read port: 38743
1693609412772	RemoteAgent	WARN	TLS certificate errors will be ignored for this session
console.error: ({})
DevTools listening on ws://127.0.0.1:56663/devtools/browser/bc98e4db-f73b-44e1-a35c-b5c59a166321
console.error: (new TypeError("this._searchProviderInfo is null", "resource:///modules/SearchSERPTelemetry.sys.mjs", 638))
JavaScript warning: https://mc.yandex.md/metrika/zzlc.html, line 3: Script terminated by timeout at:
@https://mc.yandex.md/metrika/zzlc.html:3:447
@https://mc.yandex.md/metrika/zzlc.html:3:464

JavaScript warning: https://mc.yandex.md/metrika/zzlc.html, line 3: Script terminated by timeout at:
@https://mc.yandex.md/metrika/zzlc.html:3:447
@https://mc.yandex.md/metrika/zzlc.html:3:464

1693609592044	geckodriver	INFO	Listening on 127.0.0.1:46789
1693609592635	mozrunner::runner	INFO	Running command: MOZ_CRASHREPORTER="1" MOZ_CRASHREPORTER_NO_REPORT="1" MOZ_CRASHREPORTER_SHUTDOWN="1" MOZ_NO_REMOTE="1" "/usr ... te" "--remote-debugging-port" "51241" "--remote-allow-hosts" "localhost" "-no-remote" "-profile" "/tmp/rust_mozprofile5fBxVY"
console.warn: services.settings: Ignoring preference override of remote settings server
console.warn: services.settings: Allow by setting MOZ_REMOTE_SETTINGS_DEVTOOLS=1 in the environment
ATTENTION: default value of option mesa_glthread overridden by environment.
1693609598470	Marionette	INFO	Marionette enabled
ATTENTION: default value of option mesa_glthread overridden by environment.
1693609599300	Marionette	INFO	Listening on port 44337
Read port: 44337
WebDriver BiDi listening on ws://127.0.0.1:51241
Read port: 44337
1693609600961	RemoteAgent	WARN	TLS certificate errors will be ignored for this session
console.error: Region.sys.mjs: "Error fetching region" (new Error("TIMEOUT", "resource://gre/modules/Region.sys.mjs", 759))
console.error: Region.sys.mjs: "Failed to fetch region" (new Error("TIMEOUT", "resource://gre/modules/Region.sys.mjs", 411))
console.error: ({})
DevTools listening on ws://127.0.0.1:51241/devtools/browser/e897bac3-706b-4a64-a18c-e9dbea178ef1
JavaScript warning: https://www.googletagmanager.com/gtag/js?id=G-8F6J93BBYJ&cx=c&_slc=1, line 450: Script terminated by timeout at:
aa.lh@https://www.googletagmanager.com/gtag/js?id=G-8F6J93BBYJ&cx=c&_slc=1:450:89
get@https://www.googletagmanager.com/gtag/js?id=G-8F6J93BBYJ&cx=c&_slc=1:448:119
stop@https://www.googletagmanager.com/gtag/js?id=G-8F6J93BBYJ&cx=c&_slc=1:448:87
aa.vk/c/<@https://www.googletagmanager.com/gtag/js?id=G-8F6J93BBYJ&cx=c&_slc=1:448:412

1693610030534	Marionette	INFO	Stopped listening on port 44337
JavaScript warning: https://www.googletagmanager.com/gtag/js?id=G-8F6J93BBYJ&cx=c&_slc=1, line 450: Script terminated by timeout at:
aa.lh@https://www.googletagmanager.com/gtag/js?id=G-8F6J93BBYJ&cx=c&_slc=1:450:42
get@https://www.googletagmanager.com/gtag/js?id=G-8F6J93BBYJ&cx=c&_slc=1:448:119
stop@https://www.googletagmanager.com/gtag/js?id=G-8F6J93BBYJ&cx=c&_slc=1:448:87
aa.vk/c/<@https://www.googletagmanager.com/gtag/js?id=G-8F6J93BBYJ&cx=c&_slc=1:448:412

1693610033838	Marionette	INFO	Stopped listening on port 37455
!!! error running onStopped callback: TypeError: callback is not a function
console.error: (new Error("Data is not ready.", "resource://gre/modules/JSONFile.sys.mjs", 178))
JavaScript warning: https://www.googletagmanager.com/gtag/js?id=G-8F6J93BBYJ&cx=c&_slc=1, line 382: Script terminated by timeout at:
aw.prototype.flush@https://www.googletagmanager.com/gtag/js?id=G-8F6J93BBYJ&cx=c&_slc=1:382:62
kF/<@https://www.googletagmanager.com/gtag/js?id=G-8F6J93BBYJ&cx=c&_slc=1:499:117
aa.vk/<@https://www.googletagmanager.com/gtag/js?id=G-8F6J93BBYJ&cx=c&_slc=1:449:126
aa.vk/c/<@https://www.googletagmanager.com/gtag/js?id=G-8F6J93BBYJ&cx=c&_slc=1:448:420

1693610035742	Marionette	INFO	Stopped listening on port 38743
console.error: (new Error("Data is not ready.", "resource://gre/modules/JSONFile.sys.mjs", 178))
